<?xml version="1.0" encoding="UTF-8"?>
<coverage generated="1782084464487" clover="3.2.0">
  <project timestamp="1782084464487" name="All files">
    <metrics statements="98" coveredstatements="98" conditionals="20" coveredconditionals="18" methods="19" coveredmethods="19" elements="137" coveredelements="135" complexity="0" loc="98" ncloc="98" packages="1" files="4" classes="4"/>
    <file name="aerodynamics.ts" path="/Users/hugobermudez/Documents/projects/trim_simulator/src/physics/aerodynamics.ts">
      <metrics statements="35" coveredstatements="35" conditionals="10" coveredconditionals="9" methods="6" coveredmethods="6"/>
      <line num="24" count="7945" type="stmt"/>
      <line num="42" count="2529" type="stmt"/>
      <line num="43" count="2529" type="stmt"/>
      <line num="44" count="2529" type="stmt"/>
      <line num="45" count="2529" type="stmt"/>
      <line num="66" count="2533" type="stmt"/>
      <line num="68" count="2533" type="cond" truecount="2" falsecount="0"/>
      <line num="70" count="304" type="stmt"/>
      <line num="71" count="2229" type="cond" truecount="2" falsecount="0"/>
      <line num="73" count="2171" type="stmt"/>
      <line num="78" count="58" type="stmt"/>
      <line num="97" count="2527" type="stmt"/>
      <line num="98" count="2527" type="stmt"/>
      <line num="100" count="2527" type="stmt"/>
      <line num="101" count="2527" type="stmt"/>
      <line num="123" count="2527" type="stmt"/>
      <line num="126" count="2527" type="stmt"/>
      <line num="129" count="2527" type="stmt"/>
      <line num="130" count="2527" type="cond" truecount="2" falsecount="0"/>
      <line num="131" count="1105" type="stmt"/>
      <line num="132" count="1422" type="cond" truecount="2" falsecount="0"/>
      <line num="134" count="1402" type="stmt"/>
      <line num="138" count="2527" type="stmt"/>
      <line num="139" count="2527" type="stmt"/>
      <line num="140" count="2527" type="stmt"/>
      <line num="143" count="2527" type="stmt"/>
      <line num="144" count="2527" type="stmt"/>
      <line num="145" count="2527" type="stmt"/>
      <line num="147" count="2527" type="stmt"/>
      <line num="155" count="2527" type="stmt"/>
      <line num="156" count="2527" type="stmt"/>
      <line num="157" count="2527" type="stmt"/>
      <line num="159" count="2527" type="stmt"/>
      <line num="160" count="2527" type="cond" truecount="1" falsecount="1"/>
      <line num="162" count="2527" type="stmt"/>
    </file>
    <file name="performance.ts" path="/Users/hugobermudez/Documents/projects/trim_simulator/src/physics/performance.ts">
      <metrics statements="28" coveredstatements="28" conditionals="10" coveredconditionals="9" methods="4" coveredmethods="4"/>
      <line num="31" count="1" type="stmt"/>
      <line num="34" count="122" type="stmt"/>
      <line num="35" count="122" type="cond" truecount="2" falsecount="0"/>
      <line num="37" count="4" type="stmt"/>
      <line num="38" count="4" type="stmt"/>
      <line num="39" count="4" type="stmt"/>
      <line num="41" count="4" type="stmt"/>
      <line num="42" count="20" type="stmt"/>
      <line num="43" count="100" type="stmt"/>
      <line num="44" count="500" type="stmt"/>
      <line num="45" count="2500" type="stmt"/>
      <line num="49" count="2500" type="stmt"/>
      <line num="50" count="2500" type="cond" truecount="2" falsecount="0"/>
      <line num="56" count="4" type="stmt"/>
      <line num="57" count="4" type="stmt"/>
      <line num="75" count="130" type="stmt"/>
      <line num="76" count="130" type="stmt"/>
      <line num="79" count="130" type="stmt"/>
      <line num="80" count="130" type="stmt"/>
      <line num="81" count="130" type="stmt"/>
      <line num="103" count="131" type="cond" truecount="2" falsecount="0"/>
      <line num="104" count="42" type="cond" truecount="2" falsecount="0"/>
      <line num="105" count="15" type="stmt"/>
      <line num="116" count="122" type="stmt"/>
      <line num="117" count="122" type="cond" truecount="1" falsecount="1"/>
      <line num="121" count="122" type="stmt"/>
      <line num="122" count="122" type="stmt"/>
      <line num="124" count="122" type="stmt"/>
    </file>
    <file name="sailShape.ts" path="/Users/hugobermudez/Documents/projects/trim_simulator/src/physics/sailShape.ts">
      <metrics statements="35" coveredstatements="35" conditionals="0" coveredconditionals="0" methods="9" coveredmethods="9"/>
      <line num="21" count="12700" type="stmt"/>
      <line num="29" count="2540" type="stmt"/>
      <line num="34" count="20320" type="stmt"/>
      <line num="63" count="2540" type="stmt"/>
      <line num="64" count="2540" type="stmt"/>
      <line num="67" count="2540" type="stmt"/>
      <line num="70" count="2540" type="stmt"/>
      <line num="71" count="2540" type="stmt"/>
      <line num="75" count="2540" type="stmt"/>
      <line num="77" count="2540" type="stmt"/>
      <line num="78" count="2540" type="stmt"/>
      <line num="108" count="2540" type="stmt"/>
      <line num="109" count="2540" type="stmt"/>
      <line num="112" count="2540" type="stmt"/>
      <line num="113" count="2540" type="stmt"/>
      <line num="114" count="2540" type="stmt"/>
      <line num="116" count="2540" type="stmt"/>
      <line num="119" count="2540" type="stmt"/>
      <line num="122" count="2540" type="stmt"/>
      <line num="124" count="2540" type="stmt"/>
      <line num="125" count="2540" type="stmt"/>
      <line num="149" count="2540" type="stmt"/>
      <line num="152" count="2540" type="stmt"/>
      <line num="155" count="2540" type="stmt"/>
      <line num="157" count="2540" type="stmt"/>
      <line num="158" count="2540" type="stmt"/>
      <line num="178" count="2540" type="stmt"/>
      <line num="180" count="2540" type="stmt"/>
      <line num="181" count="2540" type="stmt"/>
      <line num="182" count="2540" type="stmt"/>
      <line num="183" count="2540" type="stmt"/>
      <line num="196" count="2540" type="stmt"/>
      <line num="198" count="2540" type="stmt"/>
      <line num="199" count="2540" type="stmt"/>
      <line num="207" count="2540" type="stmt"/>
    </file>
    <file name="types.ts" path="/Users/hugobermudez/Documents/projects/trim_simulator/src/physics/types.ts">
      <metrics statements="0" coveredstatements="0" conditionals="0" coveredconditionals="0" methods="0" coveredmethods="0"/>
    </file>
  </project>
</coverage>
