{"/Users/hugobermudez/Documents/projects/trim_simulator/src/physics/aerodynamics.ts": {"path":"/Users/hugobermudez/Documents/projects/trim_simulator/src/physics/aerodynamics.ts","statementMap":{"0":{"start":{"line":24,"column":2},"end":{"line":24,"column":null}},"1":{"start":{"line":42,"column":18},"end":{"line":42,"column":21}},"2":{"start":{"line":42,"column":32},"end":{"line":42,"column":null}},"3":{"start":{"line":43,"column":20},"end":{"line":43,"column":23}},"4":{"start":{"line":43,"column":36},"end":{"line":43,"column":null}},"5":{"start":{"line":44,"column":8},"end":{"line":44,"column":null}},"6":{"start":{"line":45,"column":2},"end":{"line":45,"column":null}},"7":{"start":{"line":66,"column":14},"end":{"line":66,"column":null}},"8":{"start":{"line":68,"column":2},"end":{"line":79,"column":null}},"9":{"start":{"line":70,"column":4},"end":{"line":70,"column":null}},"10":{"start":{"line":71,"column":9},"end":{"line":79,"column":null}},"11":{"start":{"line":73,"column":4},"end":{"line":73,"column":null}},"12":{"start":{"line":78,"column":4},"end":{"line":78,"column":null}},"13":{"start":{"line":97,"column":18},"end":{"line":97,"column":null}},"14":{"start":{"line":98,"column":20},"end":{"line":98,"column":null}},"15":{"start":{"line":100,"column":18},"end":{"line":100,"column":null}},"16":{"start":{"line":101,"column":2},"end":{"line":101,"column":null}},"17":{"start":{"line":123,"column":46},"end":{"line":123,"column":null}},"18":{"start":{"line":126,"column":12},"end":{"line":126,"column":null}},"19":{"start":{"line":129,"column":21},"end":{"line":129,"column":null}},"20":{"start":{"line":130,"column":2},"end":{"line":135,"column":null}},"21":{"start":{"line":131,"column":4},"end":{"line":131,"column":null}},"22":{"start":{"line":132,"column":9},"end":{"line":135,"column":null}},"23":{"start":{"line":134,"column":4},"end":{"line":134,"column":null}},"24":{"start":{"line":138,"column":20},"end":{"line":138,"column":null}},"25":{"start":{"line":139,"column":25},"end":{"line":139,"column":null}},"26":{"start":{"line":140,"column":2},"end":{"line":140,"column":null}},"27":{"start":{"line":143,"column":13},"end":{"line":143,"column":null}},"28":{"start":{"line":144,"column":12},"end":{"line":144,"column":null}},"29":{"start":{"line":145,"column":15},"end":{"line":145,"column":null}},"30":{"start":{"line":147,"column":2},"end":{"line":147,"column":null}},"31":{"start":{"line":155,"column":17},"end":{"line":155,"column":null}},"32":{"start":{"line":156,"column":22},"end":{"line":156,"column":null}},"33":{"start":{"line":157,"column":13},"end":{"line":157,"column":null}},"34":{"start":{"line":159,"column":13},"end":{"line":159,"column":null}},"35":{"start":{"line":160,"column":21},"end":{"line":160,"column":null}},"36":{"start":{"line":162,"column":2},"end":{"line":162,"column":null}}},"fnMap":{"0":{"name":"clamp","decl":{"start":{"line":23,"column":9},"end":{"line":23,"column":15}},"loc":{"start":{"line":23,"column":64},"end":{"line":25,"column":null}},"line":23},"1":{"name":"optimalTwistDeg","decl":{"start":{"line":41,"column":9},"end":{"line":41,"column":25}},"loc":{"start":{"line":41,"column":59},"end":{"line":46,"column":null}},"line":41},"2":{"name":"baseCl","decl":{"start":{"line":65,"column":9},"end":{"line":65,"column":16}},"loc":{"start":{"line":65,"column":50},"end":{"line":80,"column":null}},"line":65},"3":{"name":"twistPenaltyFactor","decl":{"start":{"line":96,"column":9},"end":{"line":96,"column":28}},"loc":{"start":{"line":96,"column":80},"end":{"line":102,"column":null}},"line":96},"4":{"name":"computeCd","decl":{"start":{"line":122,"column":9},"end":{"line":122,"column":19}},"loc":{"start":{"line":122,"column":57},"end":{"line":148,"column":null}},"line":122},"5":{"name":"computeAeroCoefficients","decl":{"start":{"line":154,"column":16},"end":{"line":154,"column":40}},"loc":{"start":{"line":154,"column":93},"end":{"line":163,"column":null}},"line":154}},"branchMap":{"0":{"loc":{"start":{"line":68,"column":2},"end":{"line":79,"column":null}},"type":"if","locations":[{"start":{"line":68,"column":2},"end":{"line":79,"column":null}},{"start":{"line":71,"column":9},"end":{"line":79,"column":null}}],"line":68},"1":{"loc":{"start":{"line":71,"column":9},"end":{"line":79,"column":null}},"type":"if","locations":[{"start":{"line":71,"column":9},"end":{"line":79,"column":null}},{"start":{"line":74,"column":9},"end":{"line":79,"column":null}}],"line":71},"2":{"loc":{"start":{"line":130,"column":2},"end":{"line":135,"column":null}},"type":"if","locations":[{"start":{"line":130,"column":2},"end":{"line":135,"column":null}},{"start":{"line":132,"column":9},"end":{"line":135,"column":null}}],"line":130},"3":{"loc":{"start":{"line":132,"column":9},"end":{"line":135,"column":null}},"type":"if","locations":[{"start":{"line":132,"column":9},"end":{"line":135,"column":null}},{"start":{},"end":{}}],"line":132},"4":{"loc":{"start":{"line":160,"column":21},"end":{"line":160,"column":null}},"type":"cond-expr","locations":[{"start":{"line":160,"column":30},"end":{"line":160,"column":40}},{"start":{"line":160,"column":40},"end":{"line":160,"column":null}}],"line":160}},"s":{"0":7945,"1":2529,"2":2529,"3":2529,"4":2529,"5":2529,"6":2529,"7":2533,"8":2533,"9":304,"10":2229,"11":2171,"12":58,"13":2527,"14":2527,"15":2527,"16":2527,"17":2527,"18":2527,"19":2527,"20":2527,"21":1105,"22":1422,"23":1402,"24":2527,"25":2527,"26":2527,"27":2527,"28":2527,"29":2527,"30":2527,"31":2527,"32":2527,"33":2527,"34":2527,"35":2527,"36":2527},"f":{"0":7945,"1":2529,"2":2533,"3":2527,"4":2527,"5":2527},"b":{"0":[304,2229],"1":[2171,58],"2":[1105,1422],"3":[1402,20],"4":[2527,0]},"meta":{"lastBranch":5,"lastFunction":6,"lastStatement":37,"seen":{"f:23:9:23:15":0,"s:24:2:24:Infinity":0,"f:41:9:41:25":1,"s:42:18:42:21":1,"s:42:32:42:Infinity":2,"s:43:20:43:23":3,"s:43:36:43:Infinity":4,"s:44:8:44:Infinity":5,"s:45:2:45:Infinity":6,"f:65:9:65:16":2,"s:66:14:66:Infinity":7,"b:68:2:79:Infinity:71:9:79:Infinity":0,"s:68:2:79:Infinity":8,"s:70:4:70:Infinity":9,"b:71:9:79:Infinity:74:9:79:Infinity":1,"s:71:9:79:Infinity":10,"s:73:4:73:Infinity":11,"s:78:4:78:Infinity":12,"f:96:9:96:28":3,"s:97:18:97:Infinity":13,"s:98:20:98:Infinity":14,"s:100:18:100:Infinity":15,"s:101:2:101:Infinity":16,"f:122:9:122:19":4,"s:123:46:123:Infinity":17,"s:126:12:126:Infinity":18,"s:129:21:129:Infinity":19,"b:130:2:135:Infinity:132:9:135:Infinity":2,"s:130:2:135:Infinity":20,"s:131:4:131:Infinity":21,"b:132:9:135:Infinity:undefined:undefined:undefined:undefined":3,"s:132:9:135:Infinity":22,"s:134:4:134:Infinity":23,"s:138:20:138:Infinity":24,"s:139:25:139:Infinity":25,"s:140:2:140:Infinity":26,"s:143:13:143:Infinity":27,"s:144:12:144:Infinity":28,"s:145:15:145:Infinity":29,"s:147:2:147:Infinity":30,"f:154:16:154:40":5,"s:155:17:155:Infinity":31,"s:156:22:156:Infinity":32,"s:157:13:157:Infinity":33,"s:159:13:159:Infinity":34,"s:160:21:160:Infinity":35,"b:160:30:160:40:160:40:160:Infinity":4,"s:162:2:162:Infinity":36},"fnNames":{}}}
,"/Users/hugobermudez/Documents/projects/trim_simulator/src/physics/performance.ts": {"path":"/Users/hugobermudez/Documents/projects/trim_simulator/src/physics/performance.ts","statementMap":{"0":{"start":{"line":31,"column":25},"end":{"line":31,"column":null}},"1":{"start":{"line":34,"column":14},"end":{"line":34,"column":null}},"2":{"start":{"line":35,"column":2},"end":{"line":35,"column":null}},"3":{"start":{"line":35,"column":33},"end":{"line":35,"column":null}},"4":{"start":{"line":37,"column":16},"end":{"line":37,"column":null}},"5":{"start":{"line":38,"column":24},"end":{"line":38,"column":null}},"6":{"start":{"line":39,"column":15},"end":{"line":39,"column":null}},"7":{"start":{"line":41,"column":2},"end":{"line":54,"column":null}},"8":{"start":{"line":42,"column":4},"end":{"line":53,"column":null}},"9":{"start":{"line":43,"column":6},"end":{"line":52,"column":null}},"10":{"start":{"line":44,"column":8},"end":{"line":51,"column":null}},"11":{"start":{"line":45,"column":16},"end":{"line":48,"column":null}},"12":{"start":{"line":49,"column":18},"end":{"line":49,"column":null}},"13":{"start":{"line":50,"column":10},"end":{"line":50,"column":null}},"14":{"start":{"line":50,"column":35},"end":{"line":50,"column":null}},"15":{"start":{"line":56,"column":2},"end":{"line":56,"column":null}},"16":{"start":{"line":57,"column":2},"end":{"line":57,"column":null}},"17":{"start":{"line":75,"column":31},"end":{"line":75,"column":null}},"18":{"start":{"line":76,"column":20},"end":{"line":76,"column":null}},"19":{"start":{"line":79,"column":25},"end":{"line":79,"column":null}},"20":{"start":{"line":80,"column":16},"end":{"line":80,"column":null}},"21":{"start":{"line":81,"column":2},"end":{"line":81,"column":null}},"22":{"start":{"line":103,"column":2},"end":{"line":103,"column":null}},"23":{"start":{"line":103,"column":25},"end":{"line":103,"column":null}},"24":{"start":{"line":104,"column":2},"end":{"line":104,"column":null}},"25":{"start":{"line":104,"column":26},"end":{"line":104,"column":null}},"26":{"start":{"line":105,"column":2},"end":{"line":105,"column":null}},"27":{"start":{"line":116,"column":17},"end":{"line":116,"column":null}},"28":{"start":{"line":117,"column":22},"end":{"line":119,"column":null}},"29":{"start":{"line":121,"column":23},"end":{"line":121,"column":null}},"30":{"start":{"line":122,"column":23},"end":{"line":122,"column":null}},"31":{"start":{"line":124,"column":2},"end":{"line":124,"column":null}}},"fnMap":{"0":{"name":"maxTheoreticalEfficiency","decl":{"start":{"line":33,"column":9},"end":{"line":33,"column":34}},"loc":{"start":{"line":33,"column":59},"end":{"line":58,"column":null}},"line":33},"1":{"name":"computeRelativeHeel","decl":{"start":{"line":74,"column":9},"end":{"line":74,"column":29}},"loc":{"start":{"line":74,"column":66},"end":{"line":82,"column":null}},"line":74},"2":{"name":"classifyPowerBalance","decl":{"start":{"line":100,"column":9},"end":{"line":100,"column":null}},"loc":{"start":{"line":102,"column":39},"end":{"line":106,"column":null}},"line":102},"3":{"name":"estimatePerformance","decl":{"start":{"line":112,"column":16},"end":{"line":112,"column":null}},"loc":{"start":{"line":115,"column":23},"end":{"line":125,"column":null}},"line":115}},"branchMap":{"0":{"loc":{"start":{"line":35,"column":2},"end":{"line":35,"column":null}},"type":"if","locations":[{"start":{"line":35,"column":2},"end":{"line":35,"column":null}},{"start":{},"end":{}}],"line":35},"1":{"loc":{"start":{"line":50,"column":10},"end":{"line":50,"column":null}},"type":"if","locations":[{"start":{"line":50,"column":10},"end":{"line":50,"column":null}},{"start":{},"end":{}}],"line":50},"2":{"loc":{"start":{"line":103,"column":2},"end":{"line":103,"column":null}},"type":"if","locations":[{"start":{"line":103,"column":2},"end":{"line":103,"column":null}},{"start":{},"end":{}}],"line":103},"3":{"loc":{"start":{"line":104,"column":2},"end":{"line":104,"column":null}},"type":"if","locations":[{"start":{"line":104,"column":2},"end":{"line":104,"column":null}},{"start":{},"end":{}}],"line":104},"4":{"loc":{"start":{"line":117,"column":22},"end":{"line":119,"column":null}},"type":"cond-expr","locations":[{"start":{"line":118,"column":6},"end":{"line":118,"column":null}},{"start":{"line":119,"column":6},"end":{"line":119,"column":null}}],"line":117}},"s":{"0":1,"1":122,"2":122,"3":118,"4":4,"5":4,"6":4,"7":4,"8":20,"9":100,"10":500,"11":2500,"12":2500,"13":2500,"14":59,"15":4,"16":4,"17":130,"18":130,"19":130,"20":130,"21":130,"22":131,"23":89,"24":42,"25":27,"26":15,"27":122,"28":122,"29":122,"30":122,"31":122},"f":{"0":122,"1":130,"2":131,"3":122},"b":{"0":[118,4],"1":[59,2441],"2":[89,42],"3":[27,15],"4":[122,0]},"meta":{"lastBranch":5,"lastFunction":4,"lastStatement":32,"seen":{"s:31:25:31:Infinity":0,"f:33:9:33:34":0,"s:34:14:34:Infinity":1,"b:35:2:35:Infinity:undefined:undefined:undefined:undefined":0,"s:35:2:35:Infinity":2,"s:35:33:35:Infinity":3,"s:37:16:37:Infinity":4,"s:38:24:38:Infinity":5,"s:39:15:39:Infinity":6,"s:41:2:54:Infinity":7,"s:42:4:53:Infinity":8,"s:43:6:52:Infinity":9,"s:44:8:51:Infinity":10,"s:45:16:48:Infinity":11,"s:49:18:49:Infinity":12,"b:50:10:50:Infinity:undefined:undefined:undefined:undefined":1,"s:50:10:50:Infinity":13,"s:50:35:50:Infinity":14,"s:56:2:56:Infinity":15,"s:57:2:57:Infinity":16,"f:74:9:74:29":1,"s:75:31:75:Infinity":17,"s:76:20:76:Infinity":18,"s:79:25:79:Infinity":19,"s:80:16:80:Infinity":20,"s:81:2:81:Infinity":21,"f:100:9:100:Infinity":2,"b:103:2:103:Infinity:undefined:undefined:undefined:undefined":2,"s:103:2:103:Infinity":22,"s:103:25:103:Infinity":23,"b:104:2:104:Infinity:undefined:undefined:undefined:undefined":3,"s:104:2:104:Infinity":24,"s:104:26:104:Infinity":25,"s:105:2:105:Infinity":26,"f:112:16:112:Infinity":3,"s:116:17:116:Infinity":27,"s:117:22:119:Infinity":28,"b:118:6:118:Infinity:119:6:119:Infinity":4,"s:121:23:121:Infinity":29,"s:122:23:122:Infinity":30,"s:124:2:124:Infinity":31},"fnNames":{}}}
,"/Users/hugobermudez/Documents/projects/trim_simulator/src/physics/sailShape.ts": {"path":"/Users/hugobermudez/Documents/projects/trim_simulator/src/physics/sailShape.ts","statementMap":{"0":{"start":{"line":21,"column":2},"end":{"line":21,"column":null}},"1":{"start":{"line":29,"column":2},"end":{"line":29,"column":null}},"2":{"start":{"line":34,"column":2},"end":{"line":34,"column":null}},"3":{"start":{"line":63,"column":34},"end":{"line":63,"column":null}},"4":{"start":{"line":64,"column":35},"end":{"line":64,"column":null}},"5":{"start":{"line":67,"column":19},"end":{"line":67,"column":null}},"6":{"start":{"line":70,"column":23},"end":{"line":70,"column":null}},"7":{"start":{"line":71,"column":8},"end":{"line":71,"column":null}},"8":{"start":{"line":75,"column":8},"end":{"line":75,"column":null}},"9":{"start":{"line":77,"column":14},"end":{"line":77,"column":null}},"10":{"start":{"line":78,"column":2},"end":{"line":78,"column":null}},"11":{"start":{"line":108,"column":34},"end":{"line":108,"column":null}},"12":{"start":{"line":109,"column":31},"end":{"line":109,"column":null}},"13":{"start":{"line":112,"column":20},"end":{"line":112,"column":null}},"14":{"start":{"line":113,"column":20},"end":{"line":113,"column":null}},"15":{"start":{"line":114,"column":24},"end":{"line":114,"column":null}},"16":{"start":{"line":116,"column":25},"end":{"line":116,"column":null}},"17":{"start":{"line":119,"column":25},"end":{"line":119,"column":null}},"18":{"start":{"line":122,"column":8},"end":{"line":122,"column":null}},"19":{"start":{"line":124,"column":16},"end":{"line":124,"column":null}},"20":{"start":{"line":125,"column":2},"end":{"line":125,"column":null}},"21":{"start":{"line":149,"column":35},"end":{"line":149,"column":null}},"22":{"start":{"line":152,"column":29},"end":{"line":152,"column":null}},"23":{"start":{"line":155,"column":27},"end":{"line":155,"column":null}},"24":{"start":{"line":157,"column":17},"end":{"line":157,"column":null}},"25":{"start":{"line":158,"column":2},"end":{"line":158,"column":null}},"26":{"start":{"line":178,"column":25},"end":{"line":178,"column":null}},"27":{"start":{"line":180,"column":20},"end":{"line":180,"column":null}},"28":{"start":{"line":181,"column":20},"end":{"line":181,"column":null}},"29":{"start":{"line":182,"column":19},"end":{"line":182,"column":null}},"30":{"start":{"line":183,"column":2},"end":{"line":183,"column":null}},"31":{"start":{"line":196,"column":34},"end":{"line":196,"column":null}},"32":{"start":{"line":198,"column":18},"end":{"line":198,"column":null}},"33":{"start":{"line":199,"column":2},"end":{"line":199,"column":null}},"34":{"start":{"line":207,"column":2},"end":{"line":213,"column":null}}},"fnMap":{"0":{"name":"clamp","decl":{"start":{"line":20,"column":9},"end":{"line":20,"column":15}},"loc":{"start":{"line":20,"column":64},"end":{"line":22,"column":null}},"line":20},"1":{"name":"normalizeTraveler","decl":{"start":{"line":28,"column":9},"end":{"line":28,"column":27}},"loc":{"start":{"line":28,"column":53},"end":{"line":30,"column":null}},"line":28},"2":{"name":"norm","decl":{"start":{"line":33,"column":9},"end":{"line":33,"column":14}},"loc":{"start":{"line":33,"column":37},"end":{"line":35,"column":null}},"line":33},"3":{"name":"computeAngleOfAttack","decl":{"start":{"line":62,"column":9},"end":{"line":62,"column":30}},"loc":{"start":{"line":62,"column":79},"end":{"line":79,"column":null}},"line":62},"4":{"name":"computeTwist","decl":{"start":{"line":107,"column":9},"end":{"line":107,"column":22}},"loc":{"start":{"line":107,"column":71},"end":{"line":126,"column":null}},"line":107},"5":{"name":"computeCamber","decl":{"start":{"line":148,"column":9},"end":{"line":148,"column":23}},"loc":{"start":{"line":148,"column":55},"end":{"line":159,"column":null}},"line":148},"6":{"name":"computeDraftPosition","decl":{"start":{"line":177,"column":9},"end":{"line":177,"column":30}},"loc":{"start":{"line":177,"column":62},"end":{"line":184,"column":null}},"line":177},"7":{"name":"computeLeechTension","decl":{"start":{"line":195,"column":9},"end":{"line":195,"column":29}},"loc":{"start":{"line":195,"column":61},"end":{"line":200,"column":null}},"line":195},"8":{"name":"computeSailShape","decl":{"start":{"line":206,"column":16},"end":{"line":206,"column":33}},"loc":{"start":{"line":206,"column":85},"end":{"line":214,"column":null}},"line":206}},"branchMap":{},"s":{"0":12700,"1":2540,"2":20320,"3":2540,"4":2540,"5":2540,"6":2540,"7":2540,"8":2540,"9":2540,"10":2540,"11":2540,"12":2540,"13":2540,"14":2540,"15":2540,"16":2540,"17":2540,"18":2540,"19":2540,"20":2540,"21":2540,"22":2540,"23":2540,"24":2540,"25":2540,"26":2540,"27":2540,"28":2540,"29":2540,"30":2540,"31":2540,"32":2540,"33":2540,"34":2540},"f":{"0":12700,"1":2540,"2":20320,"3":2540,"4":2540,"5":2540,"6":2540,"7":2540,"8":2540},"b":{},"meta":{"lastBranch":0,"lastFunction":9,"lastStatement":35,"seen":{"f:20:9:20:15":0,"s:21:2:21:Infinity":0,"f:28:9:28:27":1,"s:29:2:29:Infinity":1,"f:33:9:33:14":2,"s:34:2:34:Infinity":2,"f:62:9:62:30":3,"s:63:34:63:Infinity":3,"s:64:35:64:Infinity":4,"s:67:19:67:Infinity":5,"s:70:23:70:Infinity":6,"s:71:8:71:Infinity":7,"s:75:8:75:Infinity":8,"s:77:14:77:Infinity":9,"s:78:2:78:Infinity":10,"f:107:9:107:22":4,"s:108:34:108:Infinity":11,"s:109:31:109:Infinity":12,"s:112:20:112:Infinity":13,"s:113:20:113:Infinity":14,"s:114:24:114:Infinity":15,"s:116:25:116:Infinity":16,"s:119:25:119:Infinity":17,"s:122:8:122:Infinity":18,"s:124:16:124:Infinity":19,"s:125:2:125:Infinity":20,"f:148:9:148:23":5,"s:149:35:149:Infinity":21,"s:152:29:152:Infinity":22,"s:155:27:155:Infinity":23,"s:157:17:157:Infinity":24,"s:158:2:158:Infinity":25,"f:177:9:177:30":6,"s:178:25:178:Infinity":26,"s:180:20:180:Infinity":27,"s:181:20:181:Infinity":28,"s:182:19:182:Infinity":29,"s:183:2:183:Infinity":30,"f:195:9:195:29":7,"s:196:34:196:Infinity":31,"s:198:18:198:Infinity":32,"s:199:2:199:Infinity":33,"f:206:16:206:33":8,"s:207:2:213:Infinity":34},"fnNames":{}}}
,"/Users/hugobermudez/Documents/projects/trim_simulator/src/physics/types.ts": {"path":"/Users/hugobermudez/Documents/projects/trim_simulator/src/physics/types.ts","statementMap":{},"fnMap":{},"branchMap":{},"s":{},"f":{},"b":{},"meta":{"lastBranch":0,"lastFunction":0,"lastStatement":0,"seen":{},"fnNames":{}}}
}
